# JRE version: OpenJDK Runtime Environment (8.0_152-b01) (build 1.8.0_152-release-1024-b01)
# Java VM: OpenJDK 64-Bit Server VM (25.152-b01 mixed mode linux-amd64 compressed oops)
Heap:
 PSYoungGen      total 445440K, used 0K [0x00000000e0000000, 0x00000000ff800000, 0x0000000100000000)
  eden space 441344K, 0% used [0x00000000e0000000,0x00000000e0000000,0x00000000faf00000)
  from space 4096K, 0% used [0x00000000fdf00000,0x00000000fdf00000,0x00000000fe300000)
  to   space 37376K, 0% used [0x00000000faf00000,0x00000000faf00000,0x00000000fd380000)
 ParOldGen       total 121344K, used 93951K [0x00000000a0000000, 0x00000000a7680000, 0x00000000e0000000)
  object space 121344K, 77% used [0x00000000a0000000,0x00000000a5bbff18,0x00000000a7680000)
 Metaspace       used 86341K, capacity 91594K, committed 92948K, reserved 1130496K
  class space    used 10665K, capacity 11522K, committed 11836K, reserved 1048576K
GC Heap History (10 events):
Event: 3108.469 GC heap after
Heap after GC invocations=37 (full 3):
 PSYoungGen      total 466944K, used 9136K [0x00000000e0000000, 0x00000000ff780000, 0x0000000100000000)
  eden space 457728K, 0% used [0x00000000e0000000,0x00000000e0000000,0x00000000fbf00000)
  from space 9216K, 99% used [0x00000000fee80000,0x00000000ff76c358,0x00000000ff780000)
  to   space 15872K, 0% used [0x00000000fd880000,0x00000000fd880000,0x00000000fe800000)
 ParOldGen       total 101376K, used 58073K [0x00000000a0000000, 0x00000000a6300000, 0x00000000e0000000)
  object space 101376K, 57% used [0x00000000a0000000,0x00000000a38b6788,0x00000000a6300000)
 Metaspace       used 85646K, capacity 91346K, committed 91540K, reserved 1128448K
  class space    used 10712K, capacity 11684K, committed 11708K, reserved 1048576K
}
Event: 3111.009 GC heap before
{Heap before GC invocations=38 (full 3):
 PSYoungGen      total 466944K, used 466644K [0x00000000e0000000, 0x00000000ff780000, 0x0000000100000000)
  eden space 457728K, 99% used [0x00000000e0000000,0x00000000fbec8d58,0x00000000fbf00000)
  from space 9216K, 99% used [0x00000000fee80000,0x00000000ff76c358,0x00000000ff780000)
  to   space 15872K, 0% used [0x00000000fd880000,0x00000000fd880000,0x00000000fe800000)
 ParOldGen       total 101376K, used 58073K [0x00000000a0000000, 0x00000000a6300000, 0x00000000e0000000)
  object space 101376K, 57% used [0x00000000a0000000,0x00000000a38b6788,0x00000000a6300000)
 Metaspace       used 85675K, capacity 91358K, committed 91540K, reserved 1128448K
  class space    used 10713K, capacity 11686K, committed 11708K, reserved 1048576K
Event: 3111.038 GC heap after
Heap after GC invocations=38 (full 3):
 PSYoungGen      total 447488K, used 9773K [0x00000000e0000000, 0x00000000fef00000, 0x0000000100000000)
  eden space 437248K, 0% used [0x00000000e0000000,0x00000000e0000000,0x00000000fab00000)
  from space 10240K, 95% used [0x00000000fd880000,0x00000000fe20b4f8,0x00000000fe280000)
  to   space 12800K, 0% used [0x00000000fe280000,0x00000000fe280000,0x00000000fef00000)
 ParOldGen       total 101376K, used 58081K [0x00000000a0000000, 0x00000000a6300000, 0x00000000e0000000)
  object space 101376K, 57% used [0x00000000a0000000,0x00000000a38b8788,0x00000000a6300000)
 Metaspace       used 85675K, capacity 91358K, committed 91540K, reserved 1128448K
  class space    used 10713K, capacity 11686K, committed 11708K, reserved 1048576K
}
Event: 4324.291 GC heap before
{Heap before GC invocations=39 (full 3):
 PSYoungGen      total 447488K, used 447021K [0x00000000e0000000, 0x00000000fef00000, 0x0000000100000000)
  eden space 437248K, 100% used [0x00000000e0000000,0x00000000fab00000,0x00000000fab00000)
  from space 10240K, 95% used [0x00000000fd880000,0x00000000fe20b4f8,0x00000000fe280000)
  to   space 12800K, 0% used [0x00000000fe280000,0x00000000fe280000,0x00000000fef00000)
 ParOldGen       total 101376K, used 58081K [0x00000000a0000000, 0x00000000a6300000, 0x00000000e0000000)
  object space 101376K, 57% used [0x00000000a0000000,0x00000000a38b8788,0x00000000a6300000)
 Metaspace       used 85906K, capacity 91768K, committed 91796K, reserved 1130496K
  class space    used 10722K, capacity 11701K, committed 11708K, reserved 1048576K
Event: 4324.838 GC heap after
Heap after GC invocations=39 (full 3):
 PSYoungGen      total 430592K, used 12791K [0x00000000e0000000, 0x00000000fef00000, 0x0000000100000000)
  eden space 417792K, 0% used [0x00000000e0000000,0x00000000e0000000,0x00000000f9800000)
  from space 12800K, 99% used [0x00000000fe280000,0x00000000feefdf60,0x00000000fef00000)
  to   space 16384K, 0% used [0x00000000fcf00000,0x00000000fcf00000,0x00000000fdf00000)
 ParOldGen       total 101376K, used 59892K [0x00000000a0000000, 0x00000000a6300000, 0x00000000e0000000)
  object space 101376K, 59% used [0x00000000a0000000,0x00000000a3a7d098,0x00000000a6300000)
 Metaspace       used 85906K, capacity 91768K, committed 91796K, reserved 1130496K
  class space    used 10722K, capacity 11701K, committed 11708K, reserved 1048576K
}
Event: 4514.331 GC heap before
{Heap before GC invocations=40 (full 3):
 PSYoungGen      total 430592K, used 430397K [0x00000000e0000000, 0x00000000fef00000, 0x0000000100000000)
  eden space 417792K, 99% used [0x00000000e0000000,0x00000000f97d14f0,0x00000000f9800000)
  from space 12800K, 99% used [0x00000000fe280000,0x00000000feefdf60,0x00000000fef00000)
  to   space 16384K, 0% used [0x00000000fcf00000,0x00000000fcf00000,0x00000000fdf00000)
 ParOldGen       total 101376K, used 59892K [0x00000000a0000000, 0x00000000a6300000, 0x00000000e0000000)
  object space 101376K, 59% used [0x00000000a0000000,0x00000000a3a7d098,0x00000000a6300000)
 Metaspace       used 86722K, capacity 92604K, committed 92692K, reserved 1130496K
  class space    used 10810K, capacity 11781K, committed 11836K, reserved 1048576K
Event: 4515.201 GC heap after
Heap after GC invocations=40 (full 3):
 PSYoungGen      total 415744K, used 16379K [0x00000000e0000000, 0x00000000fe300000, 0x0000000100000000)
  eden space 399360K, 0% used [0x00000000e0000000,0x00000000e0000000,0x00000000f8600000)
  from space 16384K, 99% used [0x00000000fcf00000,0x00000000fdefeff8,0x00000000fdf00000)
  to   space 4096K, 0% used [0x00000000fdf00000,0x00000000fdf00000,0x00000000fe300000)
 ParOldGen       total 101376K, used 63313K [0x00000000a0000000, 0x00000000a6300000, 0x00000000e0000000)
  object space 101376K, 62% used [0x00000000a0000000,0x00000000a3dd4798,0x00000000a6300000)
 Metaspace       used 86722K, capacity 92604K, committed 92692K, reserved 1130496K
  class space    used 10810K, capacity 11781K, committed 11836K, reserved 1048576K
}
Event: 4520.945 GC heap before
{Heap before GC invocations=41 (full 3):
 PSYoungGen      total 415744K, used 415739K [0x00000000e0000000, 0x00000000fe300000, 0x0000000100000000)
  eden space 399360K, 100% used [0x00000000e0000000,0x00000000f8600000,0x00000000f8600000)
  from space 16384K, 99% used [0x00000000fcf00000,0x00000000fdefeff8,0x00000000fdf00000)
  to   space 4096K, 0% used [0x00000000fdf00000,0x00000000fdf00000,0x00000000fe300000)
 ParOldGen       total 101376K, used 63313K [0x00000000a0000000, 0x00000000a6300000, 0x00000000e0000000)
  object space 101376K, 62% used [0x00000000a0000000,0x00000000a3dd4798,0x00000000a6300000)
 Metaspace       used 86939K, capacity 92820K, committed 92948K, reserved 1130496K
  class space    used 10814K, capacity 11787K, committed 11836K, reserved 1048576K
Event: 4521.307 GC heap after
Heap after GC invocations=41 (full 3):
 PSYoungGen      total 445440K, used 4080K [0x00000000e0000000, 0x00000000ff800000, 0x0000000100000000)
  eden space 441344K, 0% used [0x00000000e0000000,0x00000000e0000000,0x00000000faf00000)
  from space 4096K, 99% used [0x00000000fdf00000,0x00000000fe2fc050,0x00000000fe300000)
  to   space 37376K, 0% used [0x00000000faf00000,0x00000000faf00000,0x00000000fd380000)
 ParOldGen       total 121344K, used 120701K [0x00000000a0000000, 0x00000000a7680000, 0x00000000e0000000)
  object space 121344K, 99% used [0x00000000a0000000,0x00000000a75df750,0x00000000a7680000)
 Metaspace       used 86939K, capacity 92820K, committed 92948K, reserved 1130496K
  class space    used 10814K, capacity 11787K, committed 11836K, reserved 1048576K
}
Event: 4521.327 GC heap before
{Heap before GC invocations=42 (full 4):
 PSYoungGen      total 445440K, used 4080K [0x00000000e0000000, 0x00000000ff800000, 0x0000000100000000)
  eden space 441344K, 0% used [0x00000000e0000000,0x00000000e0000000,0x00000000faf00000)
  from space 4096K, 99% used [0x00000000fdf00000,0x00000000fe2fc050,0x00000000fe300000)
  to   space 37376K, 0% used [0x00000000faf00000,0x00000000faf00000,0x00000000fd380000)
 ParOldGen       total 121344K, used 120701K [0x00000000a0000000, 0x00000000a7680000, 0x00000000e0000000)
  object space 121344K, 99% used [0x00000000a0000000,0x00000000a75df750,0x00000000a7680000)
 Metaspace       used 86939K, capacity 92820K, committed 92948K, reserved 1130496K
  class space    used 10814K, capacity 11787K, committed 11836K, reserved 1048576K

